<?xml version="1.0" encoding="UTF-8"?>
<!-- Generated by org.testng.reporters.JUnitXMLReporter -->
<testsuite ignored="0" hostname="LAPTOP-1UI649LK" failures="2" tests="3" name="Test" time="0.063" errors="0" timestamp="2025-01-20T12:48:11 IST">
  <testcase classname="com.testingtestng.Rerun1" name="tc1" time="0.016"/>
  <testcase classname="com.testingtestng.Rerun1" name="tc2" time="0.016">
    <failure type="java.lang.AssertionError" message="expected [true] but found [false]">
      <![CDATA[java.lang.AssertionError: expected [true] but found [false]
at com.testingtestng.Rerun1.tc2(Rerun1.java:20)
at java.base/java.util.ArrayList.forEach(ArrayList.java:1541)
... Removed 31 stack frames]]>
    </failure>
  </testcase> <!-- tc2 -->
  <testcase classname="com.testingtestng.Rerun1" name="tc3" time="0.0">
    <failure type="java.lang.AssertionError" message="expected [true] but found [false]">
      <![CDATA[java.lang.AssertionError: expected [true] but found [false]
at com.testingtestng.Rerun1.tc3(Rerun1.java:28)
at java.base/java.util.ArrayList.forEach(ArrayList.java:1541)
... Removed 31 stack frames]]>
    </failure>
  </testcase> <!-- tc3 -->
</testsuite> <!-- Test -->
